[bench] Dataset: CHEST
CHEST labels (15): ['Atelectasis', 'Cardiomegaly', 'Consolidation', 'Edema', 'Effusion', 'Emphysema', 'Fibrosis', 'Hernia', 'Infiltration', 'Mass', 'No Finding', 'Nodule', 'Pleural_Thickening', 'Pneumonia', 'Pneumothorax']
[bench][CHEST][float] Starting benchmark over 562/562 samples.
[bench][CHEST][float] Batch 1: processed 960/562 samples, remaining 0.
[bench][CHEST][float] Batch 2: processed 1920/562 samples, remaining 0.
[bench][CHEST][float] Batch 3: processed 2880/562 samples, remaining 0.
[bench][CHEST][float] Batch 4: processed 3840/562 samples, remaining 0.
[bench][CHEST][float] Batch 5: processed 4800/562 samples, remaining 0.
[bench][CHEST][float] Batch 6: processed 5760/562 samples, remaining 0.
[bench][CHEST][float] Batch 7: processed 6720/562 samples, remaining 0.
[bench][CHEST][float] Batch 8: processed 7680/562 samples, remaining 0.
[bench][CHEST][float] Batch 9: processed 8430/562 samples, remaining 0.
[bench][CHEST][integer] Starting benchmark over 562/562 samples.
[bench][CHEST][integer] Batch 1: processed 960/562 samples, remaining 0.
[bench][CHEST][integer] Batch 2: processed 1920/562 samples, remaining 0.
[bench][CHEST][integer] Batch 3: processed 2880/562 samples, remaining 0.
[bench][CHEST][integer] Batch 4: processed 3840/562 samples, remaining 0.
[bench][CHEST][integer] Batch 5: processed 4800/562 samples, remaining 0.
[bench][CHEST][integer] Batch 6: processed 5760/562 samples, remaining 0.
[bench][CHEST][integer] Batch 7: processed 6720/562 samples, remaining 0.
[bench][CHEST][integer] Batch 8: processed 7680/562 samples, remaining 0.
[bench][CHEST][integer] Batch 9: processed 8430/562 samples, remaining 0.
[bench] CHEST: float=93.07% | integer=93.04%

Saved benchmark_results_chest.json with:
  CHEST: float=93.07%, integer=93.04%
Using device: cuda

[bench] Dataset: Brain-Cancer
[bench][Brain-Cancer][float] Starting benchmark over 1500/1500 samples.
[bench][Brain-Cancer][float] Batch 1: processed 64/1500 samples, remaining 1436.
[bench][Brain-Cancer][float] Batch 2: processed 128/1500 samples, remaining 1372.
[bench][Brain-Cancer][float] Batch 3: processed 192/1500 samples, remaining 1308.
[bench][Brain-Cancer][float] Batch 4: processed 256/1500 samples, remaining 1244.
[bench][Brain-Cancer][float] Batch 5: processed 320/1500 samples, remaining 1180.
[bench][Brain-Cancer][float] Batch 6: processed 384/1500 samples, remaining 1116.
[bench][Brain-Cancer][float] Batch 7: processed 448/1500 samples, remaining 1052.
[bench][Brain-Cancer][float] Batch 8: processed 512/1500 samples, remaining 988.
[bench][Brain-Cancer][float] Batch 9: processed 576/1500 samples, remaining 924.
[bench][Brain-Cancer][float] Batch 10: processed 640/1500 samples, remaining 860.
[bench][Brain-Cancer][float] Batch 11: processed 704/1500 samples, remaining 796.
[bench][Brain-Cancer][float] Batch 12: processed 768/1500 samples, remaining 732.
[bench][Brain-Cancer][float] Batch 13: processed 832/1500 samples, remaining 668.
[bench][Brain-Cancer][float] Batch 14: processed 896/1500 samples, remaining 604.
[bench][Brain-Cancer][float] Batch 15: processed 960/1500 samples, remaining 540.
[bench][Brain-Cancer][float] Batch 16: processed 1024/1500 samples, remaining 476.
[bench][Brain-Cancer][float] Batch 17: processed 1088/1500 samples, remaining 412.
[bench][Brain-Cancer][float] Batch 18: processed 1152/1500 samples, remaining 348.
[bench][Brain-Cancer][float] Batch 19: processed 1216/1500 samples, remaining 284.
[bench][Brain-Cancer][float] Batch 20: processed 1280/1500 samples, remaining 220.
[bench][Brain-Cancer][float] Batch 21: processed 1344/1500 samples, remaining 156.
[bench][Brain-Cancer][float] Batch 22: processed 1408/1500 samples, remaining 92.
[bench][Brain-Cancer][float] Batch 23: processed 1472/1500 samples, remaining 28.
[bench][Brain-Cancer][float] Batch 24: processed 1500/1500 samples, remaining 0.
[bench][Brain-Cancer][integer] Starting benchmark over 1500/1500 samples.
[bench][Brain-Cancer][integer] Batch 1: processed 64/1500 samples, remaining 1436.
[bench][Brain-Cancer][integer] Batch 2: processed 128/1500 samples, remaining 1372.
[bench][Brain-Cancer][integer] Batch 3: processed 192/1500 samples, remaining 1308.
[bench][Brain-Cancer][integer] Batch 4: processed 256/1500 samples, remaining 1244.
[bench][Brain-Cancer][integer] Batch 5: processed 320/1500 samples, remaining 1180.
[bench][Brain-Cancer][integer] Batch 6: processed 384/1500 samples, remaining 1116.
[bench][Brain-Cancer][integer] Batch 7: processed 448/1500 samples, remaining 1052.
[bench][Brain-Cancer][integer] Batch 8: processed 512/1500 samples, remaining 988.
[bench][Brain-Cancer][integer] Batch 9: processed 576/1500 samples, remaining 924.
[bench][Brain-Cancer][integer] Batch 10: processed 640/1500 samples, remaining 860.
[bench][Brain-Cancer][integer] Batch 11: processed 704/1500 samples, remaining 796.
[bench][Brain-Cancer][integer] Batch 12: processed 768/1500 samples, remaining 732.
[bench][Brain-Cancer][integer] Batch 13: processed 832/1500 samples, remaining 668.
[bench][Brain-Cancer][integer] Batch 14: processed 896/1500 samples, remaining 604.
[bench][Brain-Cancer][integer] Batch 15: processed 960/1500 samples, remaining 540.
[bench][Brain-Cancer][integer] Batch 16: processed 1024/1500 samples, remaining 476.
[bench][Brain-Cancer][integer] Batch 17: processed 1088/1500 samples, remaining 412.
[bench][Brain-Cancer][integer] Batch 18: processed 1152/1500 samples, remaining 348.
[bench][Brain-Cancer][integer] Batch 19: processed 1216/1500 samples, remaining 284.
[bench][Brain-Cancer][integer] Batch 20: processed 1280/1500 samples, remaining 220.
[bench][Brain-Cancer][integer] Batch 21: processed 1344/1500 samples, remaining 156.
[bench][Brain-Cancer][integer] Batch 22: processed 1408/1500 samples, remaining 92.
[bench][Brain-Cancer][integer] Batch 23: processed 1472/1500 samples, remaining 28.
[bench][Brain-Cancer][integer] Batch 24: processed 1500/1500 samples, remaining 0.
[bench] Brain-Cancer: float=99.67% | integer=99.80%

Saved benchmark_results_brain_cancer.json with:
  Brain-Cancer: float=99.67%, integer=99.80%
Using device: cuda

[bench] Dataset: Breast-Cancer
[bench][Breast-Cancer][float] Starting benchmark over 1000/1000 samples.
[bench][Breast-Cancer][float] Batch 1: processed 64/1000 samples, remaining 936.
[bench][Breast-Cancer][float] Batch 2: processed 128/1000 samples, remaining 872.
[bench][Breast-Cancer][float] Batch 3: processed 192/1000 samples, remaining 808.
[bench][Breast-Cancer][float] Batch 4: processed 256/1000 samples, remaining 744.
[bench][Breast-Cancer][float] Batch 5: processed 320/1000 samples, remaining 680.
[bench][Breast-Cancer][float] Batch 6: processed 384/1000 samples, remaining 616.
[bench][Breast-Cancer][float] Batch 7: processed 448/1000 samples, remaining 552.
[bench][Breast-Cancer][float] Batch 8: processed 512/1000 samples, remaining 488.
[bench][Breast-Cancer][float] Batch 9: processed 576/1000 samples, remaining 424.
[bench][Breast-Cancer][float] Batch 10: processed 640/1000 samples, remaining 360.
[bench][Breast-Cancer][float] Batch 11: processed 704/1000 samples, remaining 296.
[bench][Breast-Cancer][float] Batch 12: processed 768/1000 samples, remaining 232.
[bench][Breast-Cancer][float] Batch 13: processed 832/1000 samples, remaining 168.
[bench][Breast-Cancer][float] Batch 14: processed 896/1000 samples, remaining 104.
[bench][Breast-Cancer][float] Batch 15: processed 960/1000 samples, remaining 40.
[bench][Breast-Cancer][float] Batch 16: processed 1000/1000 samples, remaining 0.
[bench][Breast-Cancer][integer] Starting benchmark over 1000/1000 samples.
[bench][Breast-Cancer][integer] Batch 1: processed 64/1000 samples, remaining 936.
[bench][Breast-Cancer][integer] Batch 2: processed 128/1000 samples, remaining 872.
[bench][Breast-Cancer][integer] Batch 3: processed 192/1000 samples, remaining 808.
[bench][Breast-Cancer][integer] Batch 4: processed 256/1000 samples, remaining 744.
[bench][Breast-Cancer][integer] Batch 5: processed 320/1000 samples, remaining 680.
[bench][Breast-Cancer][integer] Batch 6: processed 384/1000 samples, remaining 616.
[bench][Breast-Cancer][integer] Batch 7: processed 448/1000 samples, remaining 552.
[bench][Breast-Cancer][integer] Batch 8: processed 512/1000 samples, remaining 488.
[bench][Breast-Cancer][integer] Batch 9: processed 576/1000 samples, remaining 424.
[bench][Breast-Cancer][integer] Batch 10: processed 640/1000 samples, remaining 360.
[bench][Breast-Cancer][integer] Batch 11: processed 704/1000 samples, remaining 296.
[bench][Breast-Cancer][integer] Batch 12: processed 768/1000 samples, remaining 232.
[bench][Breast-Cancer][integer] Batch 13: processed 832/1000 samples, remaining 168.
[bench][Breast-Cancer][integer] Batch 14: processed 896/1000 samples, remaining 104.
[bench][Breast-Cancer][integer] Batch 15: processed 960/1000 samples, remaining 40.
[bench][Breast-Cancer][integer] Batch 16: processed 1000/1000 samples, remaining 0.
[bench] Breast-Cancer: float=99.60% | integer=99.70%

Saved benchmark_results_breast_cancer.json with:
  Breast-Cancer: float=99.60%, integer=99.70%
Using device: cuda

[bench] Dataset: Kidney-Cancer
[bench][Kidney-Cancer][float] Starting benchmark over 1000/1000 samples.
[bench][Kidney-Cancer][float] Batch 1: processed 64/1000 samples, remaining 936.
[bench][Kidney-Cancer][float] Batch 2: processed 128/1000 samples, remaining 872.
[bench][Kidney-Cancer][float] Batch 3: processed 192/1000 samples, remaining 808.
[bench][Kidney-Cancer][float] Batch 4: processed 256/1000 samples, remaining 744.
[bench][Kidney-Cancer][float] Batch 5: processed 320/1000 samples, remaining 680.
[bench][Kidney-Cancer][float] Batch 6: processed 384/1000 samples, remaining 616.
[bench][Kidney-Cancer][float] Batch 7: processed 448/1000 samples, remaining 552.
[bench][Kidney-Cancer][float] Batch 8: processed 512/1000 samples, remaining 488.
[bench][Kidney-Cancer][float] Batch 9: processed 576/1000 samples, remaining 424.
[bench][Kidney-Cancer][float] Batch 10: processed 640/1000 samples, remaining 360.
[bench][Kidney-Cancer][float] Batch 11: processed 704/1000 samples, remaining 296.
[bench][Kidney-Cancer][float] Batch 12: processed 768/1000 samples, remaining 232.
[bench][Kidney-Cancer][float] Batch 13: processed 832/1000 samples, remaining 168.
[bench][Kidney-Cancer][float] Batch 14: processed 896/1000 samples, remaining 104.
[bench][Kidney-Cancer][float] Batch 15: processed 960/1000 samples, remaining 40.
[bench][Kidney-Cancer][float] Batch 16: processed 1000/1000 samples, remaining 0.
[bench][Kidney-Cancer][integer] Starting benchmark over 1000/1000 samples.
[bench][Kidney-Cancer][integer] Batch 1: processed 64/1000 samples, remaining 936.
[bench][Kidney-Cancer][integer] Batch 2: processed 128/1000 samples, remaining 872.
[bench][Kidney-Cancer][integer] Batch 3: processed 192/1000 samples, remaining 808.
[bench][Kidney-Cancer][integer] Batch 4: processed 256/1000 samples, remaining 744.
[bench][Kidney-Cancer][integer] Batch 5: processed 320/1000 samples, remaining 680.
[bench][Kidney-Cancer][integer] Batch 6: processed 384/1000 samples, remaining 616.
[bench][Kidney-Cancer][integer] Batch 7: processed 448/1000 samples, remaining 552.
[bench][Kidney-Cancer][integer] Batch 8: processed 512/1000 samples, remaining 488.
[bench][Kidney-Cancer][integer] Batch 9: processed 576/1000 samples, remaining 424.
[bench][Kidney-Cancer][integer] Batch 10: processed 640/1000 samples, remaining 360.
[bench][Kidney-Cancer][integer] Batch 11: processed 704/1000 samples, remaining 296.
[bench][Kidney-Cancer][integer] Batch 12: processed 768/1000 samples, remaining 232.
[bench][Kidney-Cancer][integer] Batch 13: processed 832/1000 samples, remaining 168.
[bench][Kidney-Cancer][integer] Batch 14: processed 896/1000 samples, remaining 104.
[bench][Kidney-Cancer][integer] Batch 15: processed 960/1000 samples, remaining 40.
[bench][Kidney-Cancer][integer] Batch 16: processed 1000/1000 samples, remaining 0.
[bench] Kidney-Cancer: float=100.00% | integer=82.60%

Saved benchmark_results_kidney_cancer.json with:
  Kidney-Cancer: float=100.00%, integer=82.60%
