/home/ree/Quantization-Examples/.venv/lib/python3.13/site-packages/torchvision/datasets/cifar.py:83: VisibleDeprecationWarning: dtype(): align should be passed as Python or NumPy boolean but got `align=0`. Did you mean to pass a tuple to create a subarray type? (Deprecated NumPy 2.4)
  entry = pickle.load(f, encoding="latin1")
Using device: cuda

[bench] Dataset: MNIST
[bench] MNIST: float=98.80% | integer=98.74%

[bench] Dataset: CIFAR10
[bench] CIFAR10: float=64.88% | integer=64.82%

[bench] Dataset: Brain-MRI
[bench] Brain-MRI: float=94.17% | integer=36.67%

[bench] Dataset: CHEST
CHEST labels (15): ['Atelectasis', 'Cardiomegaly', 'Consolidation', 'Edema', 'Effusion', 'Emphysema', 'Fibrosis', 'Hernia', 'Infiltration', 'Mass', 'No Finding', 'Nodule', 'Pleural_Thickening', 'Pneumonia', 'Pneumothorax']
[bench] CHEST: float=92.97% | integer=91.72%

[bench] Dataset: Brain-Cancer
[bench] Brain-Cancer: float=96.73% | integer=31.60%

[bench] Dataset: Breast-Cancer
[bench] Breast-Cancer: float=93.30% | integer=42.50%

[bench] Dataset: Cervical-Cancer
[bench] Cervical-Cancer: float=99.88% | integer=21.96%

[bench] Dataset: Kidney-Cancer
[bench] Kidney-Cancer: float=100.00% | integer=49.70%

[bench] Dataset: Lung-And-Colon-Cancer
[bench] Lung-And-Colon-Cancer: float=98.48% | integer=33.72%

[bench] Dataset: Lymphoma-Cancer
[bench] Lymphoma-Cancer: float=99.87% | integer=38.87%

[bench] Dataset: Oral-Cancer
[bench] Oral-Cancer: float=92.01% | integer=50.15%

Saved benchmark_results.json with:
  MNIST: float=98.80%, integer=98.74%
  CIFAR10: float=64.88%, integer=64.82%
  Brain-MRI: float=94.17%, integer=36.67%
  CHEST: float=92.97%, integer=91.72%
  Brain-Cancer: float=96.73%, integer=31.60%
  Breast-Cancer: float=93.30%, integer=42.50%
  Cervical-Cancer: float=99.88%, integer=21.96%
  Kidney-Cancer: float=100.00%, integer=49.70%
  Lung-And-Colon-Cancer: float=98.48%, integer=33.72%
  Lymphoma-Cancer: float=99.87%, integer=38.87%
  Oral-Cancer: float=92.01%, integer=50.15%
